0 info it worked if it ends with ok
1 verbose cli [ '/opt/software/node-v6.2.0-linux-x64/bin/node',
1 verbose cli   '/opt/software/node-v6.2.0-linux-x64/bin/npm',
1 verbose cli   'run',
1 verbose cli   'start' ]
2 info using npm@3.8.9
3 info using node@v6.2.0
4 verbose stack Error: ENOENT: no such file or directory, open '/home/laohan/supermarket/package.json'
4 verbose stack     at Error (native)
5 verbose cwd /home/laohan/supermarket
6 error Linux 3.10.0-123.el7.x86_64
7 error argv "/opt/software/node-v6.2.0-linux-x64/bin/node" "/opt/software/node-v6.2.0-linux-x64/bin/npm" "run" "start"
8 error node v6.2.0
9 error npm  v3.8.9
10 error path /home/laohan/supermarket/package.json
11 error code ENOENT
12 error errno -2
13 error syscall open
14 error enoent ENOENT: no such file or directory, open '/home/laohan/supermarket/package.json'
15 error enoent ENOENT: no such file or directory, open '/home/laohan/supermarket/package.json'
15 error enoent This is most likely not a problem with npm itself
15 error enoent and is related to npm not being able to find a file.
16 verbose exit [ -2, true ]
