0 info it worked if it ends with ok
1 verbose cli [ '/opt/software/node-v6.2.0-linux-x64/bin/node',
1 verbose cli   '/opt/software/node-v6.2.0-linux-x64/bin/npm',
1 verbose cli   'run',
1 verbose cli   'dev' ]
2 info using npm@3.8.9
3 info using node@v6.2.0
4 verbose run-script [ 'predev', 'dev', 'postdev' ]
5 info lifecycle admin@1.0.0~predev: admin@1.0.0
6 silly lifecycle admin@1.0.0~predev: no script for predev, continuing
7 info lifecycle admin@1.0.0~dev: admin@1.0.0
8 verbose lifecycle admin@1.0.0~dev: unsafe-perm in lifecycle true
9 verbose lifecycle admin@1.0.0~dev: PATH: /opt/software/node-v6.2.0-linux-x64/lib/node_modules/npm/bin/node-gyp-bin:/home/laohan/supermarket/admin/node_modules/.bin:/opt/software/node-v6.2.0-linux-x64/bin:/usr/local/mongodb/bin:/opt/software/node-v6.2.0-linux-x64/bin:/usr/local/sbin:/usr/local/bin:/sbin:/bin:/usr/sbin:/usr/bin:/root/bin
10 verbose lifecycle admin@1.0.0~dev: CWD: /home/laohan/supermarket/admin
11 silly lifecycle admin@1.0.0~dev: Args: [ '-c',
11 silly lifecycle   'webpack --progress --color --config ./webpack/webpack.dev.config.js && node serve/index.js' ]
12 silly lifecycle admin@1.0.0~dev: Returned: code: 2  signal: null
13 info lifecycle admin@1.0.0~dev: Failed to exec dev script
14 verbose stack Error: admin@1.0.0 dev: `webpack --progress --color --config ./webpack/webpack.dev.config.js && node serve/index.js`
14 verbose stack Exit status 2
14 verbose stack     at EventEmitter.<anonymous> (/opt/software/node-v6.2.0-linux-x64/lib/node_modules/npm/lib/utils/lifecycle.js:245:16)
14 verbose stack     at emitTwo (events.js:106:13)
14 verbose stack     at EventEmitter.emit (events.js:191:7)
14 verbose stack     at ChildProcess.<anonymous> (/opt/software/node-v6.2.0-linux-x64/lib/node_modules/npm/lib/utils/spawn.js:24:14)
14 verbose stack     at emitTwo (events.js:106:13)
14 verbose stack     at ChildProcess.emit (events.js:191:7)
14 verbose stack     at maybeClose (internal/child_process.js:850:16)
14 verbose stack     at Process.ChildProcess._handle.onexit (internal/child_process.js:215:5)
15 verbose pkgid admin@1.0.0
16 verbose cwd /home/laohan/supermarket/admin
17 error Linux 3.10.0-123.el7.x86_64
18 error argv "/opt/software/node-v6.2.0-linux-x64/bin/node" "/opt/software/node-v6.2.0-linux-x64/bin/npm" "run" "dev"
19 error node v6.2.0
20 error npm  v3.8.9
21 error code ELIFECYCLE
22 error admin@1.0.0 dev: `webpack --progress --color --config ./webpack/webpack.dev.config.js && node serve/index.js`
22 error Exit status 2
23 error Failed at the admin@1.0.0 dev script 'webpack --progress --color --config ./webpack/webpack.dev.config.js && node serve/index.js'.
23 error Make sure you have the latest version of node.js and npm installed.
23 error If you do, this is most likely a problem with the admin package,
23 error not with npm itself.
23 error Tell the author that this fails on your system:
23 error     webpack --progress --color --config ./webpack/webpack.dev.config.js && node serve/index.js
23 error You can get information on how to open an issue for this project with:
23 error     npm bugs admin
23 error Or if that isn't available, you can get their info via:
23 error     npm owner ls admin
23 error There is likely additional logging output above.
24 verbose exit [ 1, true ]
